This is pdfTeX, Version 3.14159265-2.6-1.40.20 (TeX Live 2019) (preloaded format=pdflatex 2019.5.8)  24 JUL 2019 15:12
entering extended mode
 restricted \write18 enabled.
 %&-line parsing enabled.
**egpaper_final.tex
(./egpaper_final.tex
LaTeX2e <2018-12-01>
(/usr/local/texlive/2019/texmf-dist/tex/latex/base/article.cls
Document Class: article 2018/09/03 v1.4i Standard LaTeX document class
(/usr/local/texlive/2019/texmf-dist/tex/latex/base/size10.clo
File: size10.clo 2018/09/03 v1.4i Standard LaTeX file (size option)
)
\c@part=\count80
\c@section=\count81
\c@subsection=\count82
\c@subsubsection=\count83
\c@paragraph=\count84
\c@subparagraph=\count85
\c@figure=\count86
\c@table=\count87
\abovecaptionskip=\skip41
\belowcaptionskip=\skip42
\bibindent=\dimen102
) (./cvpr.sty
(./eso-pic.sty
Package: eso-pic 2002/11/16 v1.1b eso-pic (RN)
 (./cvpr_eso.sty

LaTeX Warning: You have requested package `eso-pic',
               but the package provides `everyshi'.

Package: everyshi 2001/05/15 v3.00 EveryShipout Package (MS)
) (/usr/local/texlive/2019/texmf-dist/tex/latex/graphics/keyval.sty
Package: keyval 2014/10/28 v1.15 key=value parser (DPC)
\KV@toks@=\toks14
))
(/usr/local/texlive/2019/texmf-dist/tex/latex/tools/xspace.sty
Package: xspace 2014/10/28 v1.13 Space after command names (DPC,MH)
)
CVPR 8.5 x 11-Inch Proceedings Style `cvpr.sty'.
\@ctmp=\skip43
\@figindent=\skip44
\cvprrulerbox=\box27
\cvprrulercount=\count88
\cvprruleroffset=\dimen103
\cv@lineheight=\dimen104
\cv@boxheight=\dimen105
\cv@tmpbox=\box28
\cv@refno=\count89
\cv@tot=\count90
\cv@tmpc@=\count91
\cv@tmpc=\count92
) (/usr/local/texlive/2019/texmf-dist/tex/latex/psnfss/times.sty
Package: times 2005/04/12 PSNFSS-v9.2a (SPQR) 
)
(/usr/local/texlive/2019/texmf-dist/tex/latex/graphics/epsfig.sty
Package: epsfig 2017/06/25 v1.7b (e)psfig emulation (SPQR)

(/usr/local/texlive/2019/texmf-dist/tex/latex/graphics/graphicx.sty
Package: graphicx 2017/06/01 v1.1a Enhanced LaTeX Graphics (DPC,SPQR)

(/usr/local/texlive/2019/texmf-dist/tex/latex/graphics/graphics.sty
Package: graphics 2017/06/25 v1.2c Standard LaTeX Graphics (DPC,SPQR)

(/usr/local/texlive/2019/texmf-dist/tex/latex/graphics/trig.sty
Package: trig 2016/01/03 v1.10 sin cos tan (DPC)
)
(/usr/local/texlive/2019/texmf-dist/tex/latex/graphics-cfg/graphics.cfg
File: graphics.cfg 2016/06/04 v1.11 sample graphics configuration
)
Package graphics Info: Driver file: pdftex.def on input line 99.

(/usr/local/texlive/2019/texmf-dist/tex/latex/graphics-def/pdftex.def
File: pdftex.def 2018/01/08 v1.0l Graphics/color driver for pdftex
))
\Gin@req@height=\dimen106
\Gin@req@width=\dimen107
)
\epsfxsize=\dimen108
\epsfysize=\dimen109
)
(/usr/local/texlive/2019/texmf-dist/tex/latex/amsmath/amsmath.sty
Package: amsmath 2018/12/01 v2.17b AMS math features
\@mathmargin=\skip45

For additional information on amsmath, use the `?' option.
(/usr/local/texlive/2019/texmf-dist/tex/latex/amsmath/amstext.sty
Package: amstext 2000/06/29 v2.01 AMS text

(/usr/local/texlive/2019/texmf-dist/tex/latex/amsmath/amsgen.sty
File: amsgen.sty 1999/11/30 v2.0 generic functions
\@emptytoks=\toks15
\ex@=\dimen110
))
(/usr/local/texlive/2019/texmf-dist/tex/latex/amsmath/amsbsy.sty
Package: amsbsy 1999/11/29 v1.2d Bold Symbols
\pmbraise@=\dimen111
)
(/usr/local/texlive/2019/texmf-dist/tex/latex/amsmath/amsopn.sty
Package: amsopn 2016/03/08 v2.02 operator names
)
\inf@bad=\count93
LaTeX Info: Redefining \frac on input line 223.
\uproot@=\count94
\leftroot@=\count95
LaTeX Info: Redefining \overline on input line 385.
\classnum@=\count96
\DOTSCASE@=\count97
LaTeX Info: Redefining \ldots on input line 482.
LaTeX Info: Redefining \dots on input line 485.
LaTeX Info: Redefining \cdots on input line 606.
\Mathstrutbox@=\box29
\strutbox@=\box30
\big@size=\dimen112
LaTeX Font Info:    Redeclaring font encoding OML on input line 729.
LaTeX Font Info:    Redeclaring font encoding OMS on input line 730.
\macc@depth=\count98
\c@MaxMatrixCols=\count99
\dotsspace@=\muskip10
\c@parentequation=\count100
\dspbrk@lvl=\count101
\tag@help=\toks16
\row@=\count102
\column@=\count103
\maxfields@=\count104
\andhelp@=\toks17
\eqnshift@=\dimen113
\alignsep@=\dimen114
\tagshift@=\dimen115
\tagwidth@=\dimen116
\totwidth@=\dimen117
\lineht@=\dimen118
\@envbody=\toks18
\multlinegap=\skip46
\multlinetaggap=\skip47
\mathdisplay@stack=\toks19
LaTeX Info: Redefining \[ on input line 2844.
LaTeX Info: Redefining \] on input line 2845.
)
(/usr/local/texlive/2019/texmf-dist/tex/latex/amsfonts/amssymb.sty
Package: amssymb 2013/01/14 v3.01 AMS font symbols

(/usr/local/texlive/2019/texmf-dist/tex/latex/amsfonts/amsfonts.sty
Package: amsfonts 2013/01/14 v3.01 Basic AMSFonts support
\symAMSa=\mathgroup4
\symAMSb=\mathgroup5
LaTeX Font Info:    Overwriting math alphabet `\mathfrak' in version `bold'
(Font)                  U/euf/m/n --> U/euf/b/n on input line 106.
))
(/usr/local/texlive/2019/texmf-dist/tex/latex/booktabs/booktabs.sty
Package: booktabs 2016/04/27 v1.618033 publication quality tables
\heavyrulewidth=\dimen119
\lightrulewidth=\dimen120
\cmidrulewidth=\dimen121
\belowrulesep=\dimen122
\belowbottomsep=\dimen123
\aboverulesep=\dimen124
\abovetopsep=\dimen125
\cmidrulesep=\dimen126
\cmidrulekern=\dimen127
\defaultaddspace=\dimen128
\@cmidla=\count105
\@cmidlb=\count106
\@aboverulesep=\dimen129
\@belowrulesep=\dimen130
\@thisruleclass=\count107
\@lastruleclass=\count108
\@thisrulewidth=\dimen131
)
(/usr/local/texlive/2019/texmf-dist/tex/latex/floatrow/floatrow.sty
Package: floatrow 2008/08/02 v0.3b floatrow: float package extension

(/usr/local/texlive/2019/texmf-dist/tex/latex/caption/caption3.sty
Package: caption3 2018/09/12 v1.8c caption3 kernel (AR)
Package caption3 Info: TeX engine: e-TeX on input line 64.
\captionmargin=\dimen132
\captionmargin@=\dimen133
\captionwidth=\dimen134
\caption@tempdima=\dimen135
\caption@indent=\dimen136
\caption@parindent=\dimen137
\caption@hangindent=\dimen138
Package caption Info: Unknown document class (or package),
(caption)             standard defaults will be used.
)
\c@float@type=\count109
\float@exts=\toks20
\float@box=\box31
\@floatcapt=\box32
Package floatrow Info: Modified float package code loaded on input line 455.
Package floatrow Info: Modified rotfloat package code loaded on input line 473.

\FR@everyfloat=\toks21
\flrow@foot=\insert199
\FB@wd=\dimen139
\FBo@wd=\dimen140
\FBc@wd=\dimen141
\FBo@ht=\skip48
\FBc@ht=\skip49
\FBf@ht=\skip50
\FBo@max=\skip51
\FBc@max=\skip52
\FBf@max=\skip53
\c@FBl@b=\count110
\floatbox@depth=\count111
\c@FRobj=\count112
\c@FRsobj=\count113
\Xhsize=\skip54
\sXhsize=\skip55
\Zhsize=\skip56
\sZhsize=\skip57
\flrow@rowbox=\box33
\FR@Zunitlength=\dimen142
\c@FBcnt=\count114
\FPOScnt=\count115
\LTleft=\skip58
\LTright=\skip59
\LTleft=\skip60
\LTright=\skip61
\flrow@types=\toks22
)
(/usr/local/texlive/2019/texmf-dist/tex/latex/oberdiek/epstopdf.sty
Package: epstopdf 2016/05/15 v2.6 Conversion with epstopdf on the fly (HO)

(/usr/local/texlive/2019/texmf-dist/tex/latex/oberdiek/epstopdf-base.sty
Package: epstopdf-base 2016/05/15 v2.6 Base part for package epstopdf

(/usr/local/texlive/2019/texmf-dist/tex/generic/oberdiek/infwarerr.sty
Package: infwarerr 2016/05/16 v1.4 Providing info/warning/error messages (HO)
)
(/usr/local/texlive/2019/texmf-dist/tex/latex/oberdiek/grfext.sty
Package: grfext 2016/05/16 v1.2 Manage graphics extensions (HO)

(/usr/local/texlive/2019/texmf-dist/tex/generic/oberdiek/kvdefinekeys.sty
Package: kvdefinekeys 2016/05/16 v1.4 Define keys (HO)

(/usr/local/texlive/2019/texmf-dist/tex/generic/oberdiek/ltxcmds.sty
Package: ltxcmds 2016/05/16 v1.23 LaTeX kernel commands for general use (HO)
)))
(/usr/local/texlive/2019/texmf-dist/tex/latex/oberdiek/kvoptions.sty
Package: kvoptions 2016/05/16 v3.12 Key value format for package options (HO)

(/usr/local/texlive/2019/texmf-dist/tex/generic/oberdiek/kvsetkeys.sty
Package: kvsetkeys 2016/05/16 v1.17 Key value parser (HO)

(/usr/local/texlive/2019/texmf-dist/tex/generic/oberdiek/etexcmds.sty
Package: etexcmds 2016/05/16 v1.6 Avoid name clashes with e-TeX commands (HO)

(/usr/local/texlive/2019/texmf-dist/tex/generic/oberdiek/ifluatex.sty
Package: ifluatex 2016/05/16 v1.4 Provides the ifluatex switch (HO)
Package ifluatex Info: LuaTeX not detected.
))))
(/usr/local/texlive/2019/texmf-dist/tex/generic/oberdiek/pdftexcmds.sty
Package: pdftexcmds 2018/09/10 v0.29 Utility functions of pdfTeX for LuaTeX (HO
)

(/usr/local/texlive/2019/texmf-dist/tex/generic/oberdiek/ifpdf.sty
Package: ifpdf 2018/09/07 v3.3 Provides the ifpdf switch
)
Package pdftexcmds Info: LuaTeX not detected.
Package pdftexcmds Info: \pdf@primitive is available.
Package pdftexcmds Info: \pdf@ifprimitive is available.
Package pdftexcmds Info: \pdfdraftmode found.
)
Package epstopdf-base Info: Redefining graphics rule for `.eps' on input line 4
38.
Package grfext Info: Graphics extension search list:
(grfext)             [.pdf,.png,.jpg,.mps,.jpeg,.jbig2,.jb2,.PDF,.PNG,.JPG,.JPE
G,.JBIG2,.JB2,.eps]
(grfext)             \AppendGraphicsExtensions on input line 456.

(/usr/local/texlive/2019/texmf-dist/tex/latex/latexconfig/epstopdf-sys.cfg
File: epstopdf-sys.cfg 2010/07/13 v1.3 Configuration of (r)epstopdf for TeX Liv
e
)))
(/usr/local/texlive/2019/texmf-dist/tex/latex/caption/subcaption.sty
Package: subcaption 2018/05/01 v1.1-162 Sub-captions (AR)

(/usr/local/texlive/2019/texmf-dist/tex/latex/caption/caption.sty
Package: caption 2018/10/06 v3.3-154 Customizing captions (AR)


Package caption Warning: Unsupported document class (or package) detected,
(caption)                usage of the caption package is not recommended.
See the caption package documentation for explanation.

Package caption Info: \@makecaption = \long macro:#1#2-> \setbox \@tempboxa \hb
ox {\small \noindent #1.~#2} \setlength {\@ctmp }{\hsize } \addtolength {\@ctmp
 }{-\@figindent }\addtolength {\@ctmp }{-\@figindent } \ifdim \wd \@tempboxa >\
@ctmp {\small #1.~#2\par } \else \hbox to\hsize {\hfil \box \@tempboxa \hfil } 
\fi .
\c@caption@flags=\count116
\c@ContinuedFloat=\count117
Package caption Info: float package is loaded.
Package caption Info: floatrow package is loaded.
)
\c@subfigure=\count118
\c@subtable=\count119
) (/usr/local/texlive/2019/texmf-dist/tex/latex/blindtext/blindtext.sty
Package: blindtext 2012/01/06 V2.0 blindtext-Package
\c@blindtext=\count120
\c@Blindtext=\count121
\c@blind@countparstart=\count122
\blind@countxx=\count123
\blindtext@numBlindtext=\count124
\blind@countyy=\count125
\c@blindlist=\count126
\c@blindlistlevel=\count127
\c@blindlist@level=\count128
\blind@listitem=\count129
\c@blind@listcount=\count130
\c@blind@levelcount=\count131
\blind@mathformula=\count132
\blind@Mathformula=\count133
\c@blind@randomcount=\count134
\c@blind@randommax=\count135
\c@blind@pangramcount=\count136
\c@blind@pangrammax=\count137
)
(/usr/local/texlive/2019/texmf-dist/tex/latex/tools/multicol.sty
Package: multicol 2018/12/27 v1.8v multicolumn formatting (FMi)
\c@tracingmulticols=\count138


Package multicol Warning: May not work with the twocolumn option on input line 
141.

\mult@box=\box34
\multicol@leftmargin=\dimen143
\c@unbalance=\count139
\c@collectmore=\count140
\doublecol@number=\count141
\multicoltolerance=\count142
\multicolpretolerance=\count143
\full@width=\dimen144
\page@free=\dimen145
\premulticols=\dimen146
\postmulticols=\dimen147
\multicolsep=\skip62
\multicolbaselineskip=\skip63
\partial@page=\box35
\last@line=\box36
\maxbalancingoverflow=\dimen148
\mult@rightbox=\box37
\mult@grightbox=\box38
\mult@gfirstbox=\box39
\mult@firstbox=\box40
\@tempa=\box41
\@tempa=\box42
\@tempa=\box43
\@tempa=\box44
\@tempa=\box45
\@tempa=\box46
\@tempa=\box47
\@tempa=\box48
\@tempa=\box49
\@tempa=\box50
\@tempa=\box51
\@tempa=\box52
\@tempa=\box53
\@tempa=\box54
\@tempa=\box55
\@tempa=\box56
\@tempa=\box57
\c@columnbadness=\count144
\c@finalcolumnbadness=\count145
\last@try=\dimen149
\multicolovershoot=\dimen150
\multicolundershoot=\dimen151
\mult@nat@firstbox=\box58
\colbreak@box=\box59
\mc@col@check@num=\count146
) (/usr/local/texlive/2019/texmf-dist/tex/latex/multirow/multirow.sty
Package: multirow 2019/01/01 v2.4 Span multiple rows of a table
\multirow@colwidth=\skip64
\multirow@cntb=\count147
\multirow@dima=\skip65
\bigstrutjot=\dimen152
)
(/usr/local/texlive/2019/texmf-dist/tex/latex/comment/comment.sty
\CommentStream=\write3

Excluding comment 'comment')
(/usr/local/texlive/2019/texmf-dist/tex/latex/tools/bm.sty
Package: bm 2017/01/16 v1.2c Bold Symbol Support (DPC/FMi)
\symboldoperators=\mathgroup6
\symboldletters=\mathgroup7
\symboldsymbols=\mathgroup8
LaTeX Font Info:    Redeclaring math alphabet \mathbf on input line 141.
LaTeX Info: Redefining \bm on input line 207.
)
(/usr/local/texlive/2019/texmf-dist/tex/latex/hyperref/hyperref.sty
Package: hyperref 2018/11/30 v6.88e Hypertext links for LaTeX

(/usr/local/texlive/2019/texmf-dist/tex/generic/oberdiek/hobsub-hyperref.sty
Package: hobsub-hyperref 2016/05/16 v1.14 Bundle oberdiek, subset hyperref (HO)


(/usr/local/texlive/2019/texmf-dist/tex/generic/oberdiek/hobsub-generic.sty
Package: hobsub-generic 2016/05/16 v1.14 Bundle oberdiek, subset generic (HO)
Package: hobsub 2016/05/16 v1.14 Construct package bundles (HO)
Package hobsub Info: Skipping package `infwarerr' (already loaded).
Package hobsub Info: Skipping package `ltxcmds' (already loaded).
Package hobsub Info: Skipping package `ifluatex' (already loaded).
Package: ifvtex 2016/05/16 v1.6 Detect VTeX and its facilities (HO)
Package ifvtex Info: VTeX not detected.
Package: intcalc 2016/05/16 v1.2 Expandable calculations with integers (HO)
Package hobsub Info: Skipping package `ifpdf' (already loaded).
Package hobsub Info: Skipping package `etexcmds' (already loaded).
Package hobsub Info: Skipping package `kvsetkeys' (already loaded).
Package hobsub Info: Skipping package `kvdefinekeys' (already loaded).
Package hobsub Info: Skipping package `pdftexcmds' (already loaded).
Package: pdfescape 2016/05/16 v1.14 Implements pdfTeX's escape features (HO)
Package: bigintcalc 2016/05/16 v1.4 Expandable calculations on big integers (HO
)
Package: bitset 2016/05/16 v1.2 Handle bit-vector datatype (HO)
Package: uniquecounter 2016/05/16 v1.3 Provide unlimited unique counter (HO)
)
Package hobsub Info: Skipping package `hobsub' (already loaded).
Package: letltxmacro 2016/05/16 v1.5 Let assignment for LaTeX macros (HO)
Package: hopatch 2016/05/16 v1.3 Wrapper for package hooks (HO)
Package: xcolor-patch 2016/05/16 xcolor patch
Package: atveryend 2016/05/16 v1.9 Hooks at the very end of document (HO)
Package atveryend Info: \enddocument detected (standard20110627).
Package: atbegshi 2016/06/09 v1.18 At begin shipout hook (HO)
Package: refcount 2016/05/16 v3.5 Data extraction from label references (HO)
Package: hycolor 2016/05/16 v1.8 Color options for hyperref/bookmark (HO)
)
(/usr/local/texlive/2019/texmf-dist/tex/generic/ifxetex/ifxetex.sty
Package: ifxetex 2010/09/12 v0.6 Provides ifxetex conditional
)
(/usr/local/texlive/2019/texmf-dist/tex/latex/oberdiek/auxhook.sty
Package: auxhook 2016/05/16 v1.4 Hooks for auxiliary files (HO)
)
\@linkdim=\dimen153
\Hy@linkcounter=\count148
\Hy@pagecounter=\count149

(/usr/local/texlive/2019/texmf-dist/tex/latex/hyperref/pd1enc.def
File: pd1enc.def 2018/11/30 v6.88e Hyperref: PDFDocEncoding definition (HO)
Now handling font encoding PD1 ...
... no UTF-8 mapping file for font encoding PD1
)
\Hy@SavedSpaceFactor=\count150

(/usr/local/texlive/2019/texmf-dist/tex/latex/latexconfig/hyperref.cfg
File: hyperref.cfg 2002/06/06 v1.2 hyperref configuration of TeXLive
)
Package hyperref Info: Option `breaklinks' set `true' on input line 4393.
Package hyperref Info: Option `bookmarks' set `false' on input line 4393.
Package hyperref Info: Hyper figures OFF on input line 4519.
Package hyperref Info: Link nesting OFF on input line 4524.
Package hyperref Info: Hyper index ON on input line 4527.
Package hyperref Info: Plain pages OFF on input line 4534.
Package hyperref Info: Backreferencing OFF on input line 4539.
Package hyperref Info: Implicit mode ON; LaTeX internals redefined.
Package hyperref Info: Bookmarks OFF on input line 4778.
\c@Hy@tempcnt=\count151

(/usr/local/texlive/2019/texmf-dist/tex/latex/url/url.sty
\Urlmuskip=\muskip11
Package: url 2013/09/16  ver 3.4  Verb mode for urls, etc.
)
LaTeX Info: Redefining \url on input line 5125.
\XeTeXLinkMargin=\dimen154
\Fld@menulength=\count152
\Field@Width=\dimen155
\Fld@charsize=\dimen156
Package hyperref Info: Hyper figures OFF on input line 6380.
Package hyperref Info: Link nesting OFF on input line 6385.
Package hyperref Info: Hyper index ON on input line 6388.
Package hyperref Info: backreferencing OFF on input line 6395.
Package hyperref Info: Link coloring OFF on input line 6400.
Package hyperref Info: Link coloring with OCG OFF on input line 6405.
Package hyperref Info: PDF/A mode OFF on input line 6410.
LaTeX Info: Redefining \ref on input line 6450.
LaTeX Info: Redefining \pageref on input line 6454.
\Hy@abspage=\count153
\c@Item=\count154
\c@Hfootnote=\count155
)
Package hyperref Info: Driver (autodetected): hpdftex.

(/usr/local/texlive/2019/texmf-dist/tex/latex/hyperref/hpdftex.def
File: hpdftex.def 2018/11/30 v6.88e Hyperref driver for pdfTeX
\Fld@listcount=\count156
\c@bookmark@seq@number=\count157

(/usr/local/texlive/2019/texmf-dist/tex/latex/oberdiek/rerunfilecheck.sty
Package: rerunfilecheck 2016/05/16 v1.8 Rerun checks for auxiliary files (HO)
Package uniquecounter Info: New unique counter `rerunfilecheck' on input line 2
82.
)
\Hy@SectionHShift=\skip66
)
(./egpaper_final.aux)
\openout1 = `egpaper_final.aux'.

LaTeX Font Info:    Checking defaults for OML/cmm/m/it on input line 38.
LaTeX Font Info:    ... okay on input line 38.
LaTeX Font Info:    Checking defaults for T1/cmr/m/n on input line 38.
LaTeX Font Info:    ... okay on input line 38.
LaTeX Font Info:    Checking defaults for OT1/cmr/m/n on input line 38.
LaTeX Font Info:    ... okay on input line 38.
LaTeX Font Info:    Checking defaults for OMS/cmsy/m/n on input line 38.
LaTeX Font Info:    ... okay on input line 38.
LaTeX Font Info:    Checking defaults for OMX/cmex/m/n on input line 38.
LaTeX Font Info:    ... okay on input line 38.
LaTeX Font Info:    Checking defaults for U/cmr/m/n on input line 38.
LaTeX Font Info:    ... okay on input line 38.
LaTeX Font Info:    Checking defaults for PD1/pdf/m/n on input line 38.
LaTeX Font Info:    ... okay on input line 38.
LaTeX Font Info:    Try loading font information for OT1+ptm on input line 38.

(/usr/local/texlive/2019/texmf-dist/tex/latex/psnfss/ot1ptm.fd
File: ot1ptm.fd 2001/06/04 font definitions for OT1/ptm.
)
ABD: EveryShipout initializing macros
(/usr/local/texlive/2019/texmf-dist/tex/latex/graphics/color.sty
Package: color 2016/07/10 v1.1e Standard LaTeX Color (DPC)

(/usr/local/texlive/2019/texmf-dist/tex/latex/graphics-cfg/color.cfg
File: color.cfg 2016/01/02 v1.6 sample color configuration
)
Package color Info: Driver file: pdftex.def on input line 147.
)
(/usr/local/texlive/2019/texmf-dist/tex/context/base/mkii/supp-pdf.mkii
[Loading MPS to PDF converter (version 2006.09.02).]
\scratchcounter=\count158
\scratchdimen=\dimen157
\scratchbox=\box60
\nofMPsegments=\count159
\nofMParguments=\count160
\everyMPshowfont=\toks23
\MPscratchCnt=\count161
\MPscratchDim=\dimen158
\MPnumerator=\count162
\makeMPintoPDFobject=\count163
\everyMPtoPDFconversion=\toks24
)
Package caption Info: Begin \AtBeginDocument code.
Package caption Info: hyperref package is loaded.
Package caption Info: End \AtBeginDocument code.
\AtBeginShipoutBox=\box61
Package atbegshi Info: Package `everyshi' patched.
Package hyperref Info: Link coloring OFF on input line 38.
 (/usr/local/texlive/2019/texmf-dist/tex/latex/hyperref/nameref.sty
Package: nameref 2016/05/21 v2.44 Cross-referencing by name of section

(/usr/local/texlive/2019/texmf-dist/tex/generic/oberdiek/gettitlestring.sty
Package: gettitlestring 2016/05/16 v1.5 Cleanup title references (HO)
)
\c@section@level=\count164
)
LaTeX Info: Redefining \ref on input line 38.
LaTeX Info: Redefining \pageref on input line 38.
LaTeX Info: Redefining \nameref on input line 38.
LaTeX Font Info:    Font shape `OT1/ptm/bx/n' in size <14.4> not available
(Font)              Font shape `OT1/ptm/b/n' tried instead on input line 63.
LaTeX Font Info:    Try loading font information for U+msa on input line 63.

(/usr/local/texlive/2019/texmf-dist/tex/latex/amsfonts/umsa.fd
File: umsa.fd 2013/01/14 v3.01 AMS symbols A
)
LaTeX Font Info:    Try loading font information for U+msb on input line 63.

(/usr/local/texlive/2019/texmf-dist/tex/latex/amsfonts/umsb.fd
File: umsb.fd 2013/01/14 v3.01 AMS symbols B
)
LaTeX Font Info:    Try loading font information for OT1+pcr on input line 63.

(/usr/local/texlive/2019/texmf-dist/tex/latex/psnfss/ot1pcr.fd
File: ot1pcr.fd 2001/06/04 font definitions for OT1/pcr.
)
LaTeX Font Info:    Font shape `OT1/ptm/bx/n' in size <12> not available
(Font)              Font shape `OT1/ptm/b/n' tried instead on input line 65.

Underfull \hbox (badness 10000) in paragraph at lines 73--75

 []

LaTeX Font Info:    Font shape `OT1/ptm/bx/n' in size <10> not available
(Font)              Font shape `OT1/ptm/b/n' tried instead on input line 76.

Underfull \hbox (badness 1158) in paragraph at lines 85--87
\OT1/ptm/m/n/10 Texture-based datasets also have higher di-men-sion-al-ity
 []


Underfull \hbox (badness 10000) in paragraph at lines 85--87

 []


Underfull \hbox (badness 1259) in paragraph at lines 90--92
\OT1/ptm/m/n/10 where re-searchers used dif-fer-ent tex-ture de-scrip-tors to
 []


Underfull \hbox (badness 1406) in paragraph at lines 90--92
\OT1/ptm/m/n/10 de-scrip-tors such as Lo-cal Bi-nary Pat-terns (LBP) [[]]
 []


Underfull \hbox (badness 10000) in paragraph at lines 90--92

 []

[1{/usr/local/texlive/2019/texmf-var/fonts/map/pdftex/updmap/pdftex.map}


]
Underfull \hbox (badness 1616) in paragraph at lines 98--101
\OT1/ptm/m/n/10 re-searchers com-bined the deep learn-ing ap-proach and
 []


Underfull \hbox (badness 10000) in paragraph at lines 98--101

 []


Underfull \hbox (badness 10000) in paragraph at lines 109--112

 []

<./Images/1CNN.png, id=39, 492.84125pt x 88.33pt>
File: ./Images/1CNN.png Graphic file (type png)
<use ./Images/1CNN.png>
Package pdftex.def Info: ./Images/1CNN.png  used on input line 120.
(pdftex.def)             Requested size: 149.05838pt x 26.71484pt.
<./Images/1HistCNN.png, id=41, 492.84125pt x 88.33pt>
File: ./Images/1HistCNN.png Graphic file (type png)
<use ./Images/1HistCNN.png>
Package pdftex.def Info: ./Images/1HistCNN.png  used on input line 126.
(pdftex.def)             Requested size: 149.05838pt x 26.71484pt.
<./Images/2CNN.png, id=42, 744.7825pt x 88.33pt>
File: ./Images/2CNN.png Graphic file (type png)
<use ./Images/2CNN.png>
Package pdftex.def Info: ./Images/2CNN.png  used on input line 132.
(pdftex.def)             Requested size: 149.05838pt x 17.67781pt.
<./Images/2HistCNN.png, id=43, 744.7825pt x 88.33pt>
File: ./Images/2HistCNN.png Graphic file (type png)
<use ./Images/2HistCNN.png>
Package pdftex.def Info: ./Images/2HistCNN.png  used on input line 138.
(pdftex.def)             Requested size: 149.05838pt x 17.67781pt.
<./Images/2CNN_parallel.png, id=44, 687.56876pt x 204.765pt>
File: ./Images/2CNN_parallel.png Graphic file (type png)
<use ./Images/2CNN_parallel.png>
Package pdftex.def Info: ./Images/2CNN_parallel.png  used on input line 144.
(pdftex.def)             Requested size: 149.05838pt x 44.38916pt.
<./Images/2HistCNN_parallel.png, id=45, 683.55376pt x 243.91125pt>
File: ./Images/2HistCNN_parallel.png Graphic file (type png)
<use ./Images/2HistCNN_parallel.png>
Package pdftex.def Info: ./Images/2HistCNN_parallel.png  used on input line 150
.
(pdftex.def)             Requested size: 149.05838pt x 53.18797pt.

Underfull \hbox (badness 10000) in paragraph at lines 168--169

 []


LaTeX Warning: No positions in optional float specifier.
               Default added (so using `tbp') on input line 183.

<./Images/2_1_1.png, id=49, 648.4225pt x 406.51875pt>
File: ./Images/2_1_1.png Graphic file (type png)
<use ./Images/2_1_1.png>
Package pdftex.def Info: ./Images/2_1_1.png  used on input line 184.
(pdftex.def)             Requested size: 237.13594pt x 148.66653pt.
[2]

LaTeX Warning: No positions in optional float specifier.
               Default added (so using `tbp') on input line 202.


LaTeX Warning: `!h' float specifier changed to `!ht'.


LaTeX Warning: `!h' float specifier changed to `!ht'.


LaTeX Warning: `!h' float specifier changed to `!ht'.

<./Images/2_2_1.png, id=77, 530.98375pt x 363.3575pt>
File: ./Images/2_2_1.png Graphic file (type png)
<use ./Images/2_2_1.png>
Package pdftex.def Info: ./Images/2_2_1.png  used on input line 258.
(pdftex.def)             Requested size: 237.13594pt x 162.2785pt.

Underfull \vbox (badness 10000) has occurred while \output is active []

 [3 <./Images/1CNN.png> <./Images/1HistCNN.png> <./Images/2CNN.png> <./Images/2
HistCNN.png> <./Images/2CNN_parallel.png> <./Images/2HistCNN_parallel.png> <./I
mages/2_1_1.png> <./Images/2_2_1.png>]
Underfull \hbox (badness 10000) in paragraph at lines 279--281

 []


Underfull \hbox (badness 1803) in paragraph at lines 287--289
[]\OT1/ptm/m/n/10 After all the scripts were ex-e-cuted in HiPer-Ga-tor,
 []


Underfull \hbox (badness 1762) in paragraph at lines 287--289
\OT1/ptm/m/n/10 Uni-ver-sity of Florida's clus-ter re-search su-per-com-puter
 []


Underfull \hbox (badness 2662) in paragraph at lines 287--289
\OT1/ptm/m/n/10 net-works that did not in-volve data-standardization in
 []


Underfull \hbox (badness 1028) in paragraph at lines 287--289
\OT1/ptm/m/n/10 The fig-ures []4[] through []6[] shows the av-er-age con-fu-sio
n
 []


Underfull \hbox (badness 10000) in paragraph at lines 287--289

 []

[4]
Underfull \hbox (badness 1194) in paragraph at lines 302--305
[]\OT1/ptm/m/n/10 Based on Ta-ble []6[], 2[]CNN[]parallel had the high-est
 []


Underfull \hbox (badness 10000) in paragraph at lines 302--305

 []


Underfull \hbox (badness 3029) in paragraph at lines 317--318
\OT1/ptm/m/n/10 how dif-fer-ent net-work per-formed in spe-cific classes.
 []


Underfull \hbox (badness 2318) in paragraph at lines 317--318
\OT1/ptm/m/n/10 classes, there were fo-cused false pos-i-tive re-sults for
 []


Underfull \hbox (badness 10000) in paragraph at lines 317--318

 []


Underfull \hbox (badness 1178) in paragraph at lines 319--320
\OT1/ptm/m/n/10 cor-duroy, cork, wood, and linen). Lastly, for fig-ure
 []

[5]
<./Images/avg_cm1.png, id=156, 714.67pt x 344.28625pt>
File: ./Images/avg_cm1.png Graphic file (type png)
<use ./Images/avg_cm1.png>
Package pdftex.def Info: ./Images/avg_cm1.png  used on input line 322.
(pdftex.def)             Requested size: 237.13594pt x 114.23996pt.

Underfull \hbox (badness 2020) in paragraph at lines 323--323
[]\OT1/ptm/m/n/10 Figure 4: |Con-fu-sion Ma-tri-ces for 1[]CNN (left) and
 []

<./Images/avg_cm2.png, id=157, 640.3925pt x 303.1325pt>
File: ./Images/avg_cm2.png Graphic file (type png)
<use ./Images/avg_cm2.png>
Package pdftex.def Info: ./Images/avg_cm2.png  used on input line 328.
(pdftex.def)             Requested size: 237.13594pt x 112.24515pt.
<./Images/avg_cm3.png, id=158, 640.3925pt x 303.1325pt>
File: ./Images/avg_cm3.png Graphic file (type png)
<use ./Images/avg_cm3.png>
Package pdftex.def Info: ./Images/avg_cm3.png  used on input line 334.
(pdftex.def)             Requested size: 237.13594pt x 112.24515pt.
[6 <./Images/avg_cm1.png> <./Images/avg_cm2.png> <./Images/avg_cm3.png>]
(./egpaper_final.bbl
Underfull \hbox (badness 1748) in paragraph at lines 4--9
[]\OT1/ptm/m/n/9 Saikat Basu, Supratik Mukhopad-hyay, Manohar Karki,
 []


Underfull \hbox (badness 2221) in paragraph at lines 40--46
[]\OT1/ptm/m/n/9 Jakub Nalepa, Janusz Szy-manek, Michael P. Hay-ball,
 []

)
Package epstopdf Info: Source file: <./Images/1histcnn_a.eps>
(epstopdf)                    date: 2019-07-16 14:44:50
(epstopdf)                    size: 7473168 bytes
(epstopdf)             Output file: <./Images/1histcnn_a-eps-converted-to.pdf>
(epstopdf)                    date: 2019-07-16 15:01:31
(epstopdf)                    size: 11018 bytes
(epstopdf)             Command: <repstopdf --outfile=./Images/1histcnn_a-eps-co
nverted-to.pdf ./Images/1histcnn_a.eps>
(epstopdf)             \includegraphics on input line 385.
Package epstopdf Info: Output file is already uptodate.
<./Images/1histcnn_a-eps-converted-to.pdf, id=169, 36.135pt x 27.10126pt>
File: ./Images/1histcnn_a-eps-converted-to.pdf Graphic file (type pdf)
<use ./Images/1histcnn_a-eps-converted-to.pdf>
Package pdftex.def Info: ./Images/1histcnn_a-eps-converted-to.pdf  used on inpu
t line 385.
(pdftex.def)             Requested size: 99.36972pt x 74.53156pt.
Package epstopdf Info: Source file: <./Images/1histcnn_b.eps>
(epstopdf)                    date: 2019-07-16 14:46:20
(epstopdf)                    size: 7473168 bytes
(epstopdf)             Output file: <./Images/1histcnn_b-eps-converted-to.pdf>
(epstopdf)                    date: 2019-07-16 15:01:32
(epstopdf)                    size: 10826 bytes
(epstopdf)             Command: <repstopdf --outfile=./Images/1histcnn_b-eps-co
nverted-to.pdf ./Images/1histcnn_b.eps>
(epstopdf)             \includegraphics on input line 391.
Package epstopdf Info: Output file is already uptodate.
<./Images/1histcnn_b-eps-converted-to.pdf, id=170, 36.135pt x 27.10126pt>
File: ./Images/1histcnn_b-eps-converted-to.pdf Graphic file (type pdf)
<use ./Images/1histcnn_b-eps-converted-to.pdf>
Package pdftex.def Info: ./Images/1histcnn_b-eps-converted-to.pdf  used on inpu
t line 391.
(pdftex.def)             Requested size: 99.36972pt x 74.53156pt.
Package epstopdf Info: Source file: <./Images/1histcnn_c.eps>
(epstopdf)                    date: 2019-07-16 14:46:58
(epstopdf)                    size: 7473168 bytes
(epstopdf)             Output file: <./Images/1histcnn_c-eps-converted-to.pdf>
(epstopdf)                    date: 2019-07-16 15:01:34
(epstopdf)                    size: 10713 bytes
(epstopdf)             Command: <repstopdf --outfile=./Images/1histcnn_c-eps-co
nverted-to.pdf ./Images/1histcnn_c.eps>
(epstopdf)             \includegraphics on input line 397.
Package epstopdf Info: Output file is already uptodate.
<./Images/1histcnn_c-eps-converted-to.pdf, id=171, 36.135pt x 27.10126pt>
File: ./Images/1histcnn_c-eps-converted-to.pdf Graphic file (type pdf)
<use ./Images/1histcnn_c-eps-converted-to.pdf>
Package pdftex.def Info: ./Images/1histcnn_c-eps-converted-to.pdf  used on inpu
t line 397.
(pdftex.def)             Requested size: 99.36972pt x 74.53156pt.
Package epstopdf Info: Source file: <./Images/1histcnn_d.eps>
(epstopdf)                    date: 2019-07-16 14:48:12
(epstopdf)                    size: 7473168 bytes
(epstopdf)             Output file: <./Images/1histcnn_d-eps-converted-to.pdf>
(epstopdf)                    date: 2019-07-16 15:01:35
(epstopdf)                    size: 10841 bytes
(epstopdf)             Command: <repstopdf --outfile=./Images/1histcnn_d-eps-co
nverted-to.pdf ./Images/1histcnn_d.eps>
(epstopdf)             \includegraphics on input line 403.
Package epstopdf Info: Output file is already uptodate.
<./Images/1histcnn_d-eps-converted-to.pdf, id=172, 36.135pt x 27.10126pt>
File: ./Images/1histcnn_d-eps-converted-to.pdf Graphic file (type pdf)
<use ./Images/1histcnn_d-eps-converted-to.pdf>
Package pdftex.def Info: ./Images/1histcnn_d-eps-converted-to.pdf  used on inpu
t line 403.
(pdftex.def)             Requested size: 99.36972pt x 74.53156pt.
Package epstopdf Info: Source file: <./Images/2histcnn_a_1.eps>
(epstopdf)                    date: 2019-07-16 14:49:23
(epstopdf)                    size: 7473168 bytes
(epstopdf)             Output file: <./Images/2histcnn_a_1-eps-converted-to.pdf
>
(epstopdf)                    date: 2019-07-16 15:01:35
(epstopdf)                    size: 11259 bytes
(epstopdf)             Command: <repstopdf --outfile=./Images/2histcnn_a_1-eps-
converted-to.pdf ./Images/2histcnn_a_1.eps>
(epstopdf)             \includegraphics on input line 415.
Package epstopdf Info: Output file is already uptodate.
<./Images/2histcnn_a_1-eps-converted-to.pdf, id=173, 36.135pt x 27.10126pt>
File: ./Images/2histcnn_a_1-eps-converted-to.pdf Graphic file (type pdf)
<use ./Images/2histcnn_a_1-eps-converted-to.pdf>
Package pdftex.def Info: ./Images/2histcnn_a_1-eps-converted-to.pdf  used on in
put line 415.
(pdftex.def)             Requested size: 99.36972pt x 74.53156pt.
Package epstopdf Info: Source file: <./Images/2histcnn_b_1.eps>
(epstopdf)                    date: 2019-07-16 14:50:18
(epstopdf)                    size: 7473168 bytes
(epstopdf)             Output file: <./Images/2histcnn_b_1-eps-converted-to.pdf
>
(epstopdf)                    date: 2019-07-16 15:01:36
(epstopdf)                    size: 10644 bytes
(epstopdf)             Command: <repstopdf --outfile=./Images/2histcnn_b_1-eps-
converted-to.pdf ./Images/2histcnn_b_1.eps>
(epstopdf)             \includegraphics on input line 422.
Package epstopdf Info: Output file is already uptodate.
<./Images/2histcnn_b_1-eps-converted-to.pdf, id=174, 36.135pt x 27.10126pt>
File: ./Images/2histcnn_b_1-eps-converted-to.pdf Graphic file (type pdf)
<use ./Images/2histcnn_b_1-eps-converted-to.pdf>
Package pdftex.def Info: ./Images/2histcnn_b_1-eps-converted-to.pdf  used on in
put line 422.
(pdftex.def)             Requested size: 99.36972pt x 74.53156pt.
Package epstopdf Info: Source file: <./Images/2histcnn_c_1.eps>
(epstopdf)                    date: 2019-07-16 14:51:12
(epstopdf)                    size: 7473168 bytes
(epstopdf)             Output file: <./Images/2histcnn_c_1-eps-converted-to.pdf
>
(epstopdf)                    date: 2019-07-16 15:01:37
(epstopdf)                    size: 10941 bytes
(epstopdf)             Command: <repstopdf --outfile=./Images/2histcnn_c_1-eps-
converted-to.pdf ./Images/2histcnn_c_1.eps>
(epstopdf)             \includegraphics on input line 428.
Package epstopdf Info: Output file is already uptodate.
<./Images/2histcnn_c_1-eps-converted-to.pdf, id=175, 36.135pt x 27.10126pt>
File: ./Images/2histcnn_c_1-eps-converted-to.pdf Graphic file (type pdf)
<use ./Images/2histcnn_c_1-eps-converted-to.pdf>
Package pdftex.def Info: ./Images/2histcnn_c_1-eps-converted-to.pdf  used on in
put line 428.
(pdftex.def)             Requested size: 99.36972pt x 74.53156pt.
Package epstopdf Info: Source file: <./Images/2histcnn_d_1.eps>
(epstopdf)                    date: 2019-07-16 14:51:44
(epstopdf)                    size: 7473168 bytes
(epstopdf)             Output file: <./Images/2histcnn_d_1-eps-converted-to.pdf
>
(epstopdf)                    date: 2019-07-16 15:01:38
(epstopdf)                    size: 10693 bytes
(epstopdf)             Command: <repstopdf --outfile=./Images/2histcnn_d_1-eps-
converted-to.pdf ./Images/2histcnn_d_1.eps>
(epstopdf)             \includegraphics on input line 434.
Package epstopdf Info: Output file is already uptodate.
<./Images/2histcnn_d_1-eps-converted-to.pdf, id=176, 36.135pt x 27.10126pt>
File: ./Images/2histcnn_d_1-eps-converted-to.pdf Graphic file (type pdf)
<use ./Images/2histcnn_d_1-eps-converted-to.pdf>
Package pdftex.def Info: ./Images/2histcnn_d_1-eps-converted-to.pdf  used on in
put line 434.
(pdftex.def)             Requested size: 99.36972pt x 74.53156pt.
Package epstopdf Info: Source file: <./Images/2histcnn_a_2.eps>
(epstopdf)                    date: 2019-07-16 14:49:25
(epstopdf)                    size: 7473170 bytes
(epstopdf)             Output file: <./Images/2histcnn_a_2-eps-converted-to.pdf
>
(epstopdf)                    date: 2019-07-16 15:04:18
(epstopdf)                    size: 10546 bytes
(epstopdf)             Command: <repstopdf --outfile=./Images/2histcnn_a_2-eps-
converted-to.pdf ./Images/2histcnn_a_2.eps>
(epstopdf)             \includegraphics on input line 441.
Package epstopdf Info: Output file is already uptodate.
<./Images/2histcnn_a_2-eps-converted-to.pdf, id=177, 36.135pt x 27.10126pt>
File: ./Images/2histcnn_a_2-eps-converted-to.pdf Graphic file (type pdf)
<use ./Images/2histcnn_a_2-eps-converted-to.pdf>
Package pdftex.def Info: ./Images/2histcnn_a_2-eps-converted-to.pdf  used on in
put line 441.
(pdftex.def)             Requested size: 99.36972pt x 74.53156pt.
Package epstopdf Info: Source file: <./Images/2histcnn_b_2.eps>
(epstopdf)                    date: 2019-07-16 14:50:19
(epstopdf)                    size: 7473170 bytes
(epstopdf)             Output file: <./Images/2histcnn_b_2-eps-converted-to.pdf
>
(epstopdf)                    date: 2019-07-16 15:04:21
(epstopdf)                    size: 11733 bytes
(epstopdf)             Command: <repstopdf --outfile=./Images/2histcnn_b_2-eps-
converted-to.pdf ./Images/2histcnn_b_2.eps>
(epstopdf)             \includegraphics on input line 448.
Package epstopdf Info: Output file is already uptodate.
<./Images/2histcnn_b_2-eps-converted-to.pdf, id=178, 36.135pt x 27.10126pt>
File: ./Images/2histcnn_b_2-eps-converted-to.pdf Graphic file (type pdf)
<use ./Images/2histcnn_b_2-eps-converted-to.pdf>
Package pdftex.def Info: ./Images/2histcnn_b_2-eps-converted-to.pdf  used on in
put line 448.
(pdftex.def)             Requested size: 99.36972pt x 74.53156pt.
Package epstopdf Info: Source file: <./Images/2histcnn_c_2.eps>
(epstopdf)                    date: 2019-07-16 14:51:05
(epstopdf)                    size: 7473170 bytes
(epstopdf)             Output file: <./Images/2histcnn_c_2-eps-converted-to.pdf
>
(epstopdf)                    date: 2019-07-16 15:04:22
(epstopdf)                    size: 11436 bytes
(epstopdf)             Command: <repstopdf --outfile=./Images/2histcnn_c_2-eps-
converted-to.pdf ./Images/2histcnn_c_2.eps>
(epstopdf)             \includegraphics on input line 454.
Package epstopdf Info: Output file is already uptodate.
<./Images/2histcnn_c_2-eps-converted-to.pdf, id=179, 36.135pt x 27.10126pt>
File: ./Images/2histcnn_c_2-eps-converted-to.pdf Graphic file (type pdf)
<use ./Images/2histcnn_c_2-eps-converted-to.pdf>
Package pdftex.def Info: ./Images/2histcnn_c_2-eps-converted-to.pdf  used on in
put line 454.
(pdftex.def)             Requested size: 99.36972pt x 74.53156pt.
Package epstopdf Info: Source file: <./Images/2histcnn_d_2.eps>
(epstopdf)                    date: 2019-07-16 14:51:46
(epstopdf)                    size: 7473170 bytes
(epstopdf)             Output file: <./Images/2histcnn_d_2-eps-converted-to.pdf
>
(epstopdf)                    date: 2019-07-16 15:04:23
(epstopdf)                    size: 11351 bytes
(epstopdf)             Command: <repstopdf --outfile=./Images/2histcnn_d_2-eps-
converted-to.pdf ./Images/2histcnn_d_2.eps>
(epstopdf)             \includegraphics on input line 460.
Package epstopdf Info: Output file is already uptodate.
<./Images/2histcnn_d_2-eps-converted-to.pdf, id=180, 36.135pt x 27.10126pt>
File: ./Images/2histcnn_d_2-eps-converted-to.pdf Graphic file (type pdf)
<use ./Images/2histcnn_d_2-eps-converted-to.pdf>
Package pdftex.def Info: ./Images/2histcnn_d_2-eps-converted-to.pdf  used on in
put line 460.
(pdftex.def)             Requested size: 99.36972pt x 74.53156pt.
Package epstopdf Info: Source file: <./Images/2histcnnpar_a_1.eps>
(epstopdf)                    date: 2019-07-16 14:52:39
(epstopdf)                    size: 7473168 bytes
(epstopdf)             Output file: <./Images/2histcnnpar_a_1-eps-converted-to.
pdf>
(epstopdf)                    date: 2019-07-16 15:05:21
(epstopdf)                    size: 10826 bytes
(epstopdf)             Command: <repstopdf --outfile=./Images/2histcnnpar_a_1-e
ps-converted-to.pdf ./Images/2histcnnpar_a_1.eps>
(epstopdf)             \includegraphics on input line 472.
Package epstopdf Info: Output file is already uptodate.
<./Images/2histcnnpar_a_1-eps-converted-to.pdf, id=189, 36.135pt x 27.10126pt>
File: ./Images/2histcnnpar_a_1-eps-converted-to.pdf Graphic file (type pdf)
<use ./Images/2histcnnpar_a_1-eps-converted-to.pdf>
Package pdftex.def Info: ./Images/2histcnnpar_a_1-eps-converted-to.pdf  used on
 input line 472.
(pdftex.def)             Requested size: 99.36972pt x 74.53156pt.
Package epstopdf Info: Source file: <./Images/2histcnnpar_b_1.eps>
(epstopdf)                    date: 2019-07-16 14:53:21
(epstopdf)                    size: 7473168 bytes
(epstopdf)             Output file: <./Images/2histcnnpar_b_1-eps-converted-to.
pdf>
(epstopdf)                    date: 2019-07-16 15:05:24
(epstopdf)                    size: 11397 bytes
(epstopdf)             Command: <repstopdf --outfile=./Images/2histcnnpar_b_1-e
ps-converted-to.pdf ./Images/2histcnnpar_b_1.eps>
(epstopdf)             \includegraphics on input line 479.
Package epstopdf Info: Output file is already uptodate.
<./Images/2histcnnpar_b_1-eps-converted-to.pdf, id=190, 36.135pt x 27.10126pt>
File: ./Images/2histcnnpar_b_1-eps-converted-to.pdf Graphic file (type pdf)
<use ./Images/2histcnnpar_b_1-eps-converted-to.pdf>
Package pdftex.def Info: ./Images/2histcnnpar_b_1-eps-converted-to.pdf  used on
 input line 479.
(pdftex.def)             Requested size: 99.36972pt x 74.53156pt.
Package epstopdf Info: Source file: <./Images/2histcnnpar_c_1.eps>
(epstopdf)                    date: 2019-07-16 14:53:50
(epstopdf)                    size: 7473168 bytes
(epstopdf)             Output file: <./Images/2histcnnpar_c_1-eps-converted-to.
pdf>
(epstopdf)                    date: 2019-07-16 15:05:25
(epstopdf)                    size: 11306 bytes
(epstopdf)             Command: <repstopdf --outfile=./Images/2histcnnpar_c_1-e
ps-converted-to.pdf ./Images/2histcnnpar_c_1.eps>
(epstopdf)             \includegraphics on input line 485.
Package epstopdf Info: Output file is already uptodate.
<./Images/2histcnnpar_c_1-eps-converted-to.pdf, id=191, 36.135pt x 27.10126pt>
File: ./Images/2histcnnpar_c_1-eps-converted-to.pdf Graphic file (type pdf)
<use ./Images/2histcnnpar_c_1-eps-converted-to.pdf>
Package pdftex.def Info: ./Images/2histcnnpar_c_1-eps-converted-to.pdf  used on
 input line 485.
(pdftex.def)             Requested size: 99.36972pt x 74.53156pt.
Package epstopdf Info: Source file: <./Images/2histcnnpar_d_1.eps>
(epstopdf)                    date: 2019-07-16 14:54:26
(epstopdf)                    size: 7473168 bytes
(epstopdf)             Output file: <./Images/2histcnnpar_d_1-eps-converted-to.
pdf>
(epstopdf)                    date: 2019-07-16 15:05:26
(epstopdf)                    size: 10430 bytes
(epstopdf)             Command: <repstopdf --outfile=./Images/2histcnnpar_d_1-e
ps-converted-to.pdf ./Images/2histcnnpar_d_1.eps>
(epstopdf)             \includegraphics on input line 491.
Package epstopdf Info: Output file is already uptodate.
<./Images/2histcnnpar_d_1-eps-converted-to.pdf, id=192, 36.135pt x 27.10126pt>
File: ./Images/2histcnnpar_d_1-eps-converted-to.pdf Graphic file (type pdf)
<use ./Images/2histcnnpar_d_1-eps-converted-to.pdf>
Package pdftex.def Info: ./Images/2histcnnpar_d_1-eps-converted-to.pdf  used on
 input line 491.
(pdftex.def)             Requested size: 99.36972pt x 74.53156pt.
Package epstopdf Info: Source file: <./Images/2histcnnpar_a_2.eps>
(epstopdf)                    date: 2019-07-16 14:52:41
(epstopdf)                    size: 7473170 bytes
(epstopdf)             Output file: <./Images/2histcnnpar_a_2-eps-converted-to.
pdf>
(epstopdf)                    date: 2019-07-16 15:05:27
(epstopdf)                    size: 11517 bytes
(epstopdf)             Command: <repstopdf --outfile=./Images/2histcnnpar_a_2-e
ps-converted-to.pdf ./Images/2histcnnpar_a_2.eps>
(epstopdf)             \includegraphics on input line 498.
Package epstopdf Info: Output file is already uptodate.
<./Images/2histcnnpar_a_2-eps-converted-to.pdf, id=193, 36.135pt x 27.10126pt>
File: ./Images/2histcnnpar_a_2-eps-converted-to.pdf Graphic file (type pdf)
<use ./Images/2histcnnpar_a_2-eps-converted-to.pdf>
Package pdftex.def Info: ./Images/2histcnnpar_a_2-eps-converted-to.pdf  used on
 input line 498.
(pdftex.def)             Requested size: 99.36972pt x 74.53156pt.
Package epstopdf Info: Source file: <./Images/2histcnnpar_b_2.eps>
(epstopdf)                    date: 2019-07-16 14:53:22
(epstopdf)                    size: 7473170 bytes
(epstopdf)             Output file: <./Images/2histcnnpar_b_2-eps-converted-to.
pdf>
(epstopdf)                    date: 2019-07-16 15:05:28
(epstopdf)                    size: 11358 bytes
(epstopdf)             Command: <repstopdf --outfile=./Images/2histcnnpar_b_2-e
ps-converted-to.pdf ./Images/2histcnnpar_b_2.eps>
(epstopdf)             \includegraphics on input line 505.
Package epstopdf Info: Output file is already uptodate.
<./Images/2histcnnpar_b_2-eps-converted-to.pdf, id=194, 36.135pt x 27.10126pt>
File: ./Images/2histcnnpar_b_2-eps-converted-to.pdf Graphic file (type pdf)
<use ./Images/2histcnnpar_b_2-eps-converted-to.pdf>
Package pdftex.def Info: ./Images/2histcnnpar_b_2-eps-converted-to.pdf  used on
 input line 505.
(pdftex.def)             Requested size: 99.36972pt x 74.53156pt.
Package epstopdf Info: Source file: <./Images/2histcnnpar_c_2.eps>
(epstopdf)                    date: 2019-07-16 14:53:52
(epstopdf)                    size: 7473170 bytes
(epstopdf)             Output file: <./Images/2histcnnpar_c_2-eps-converted-to.
pdf>
(epstopdf)                    date: 2019-07-16 15:05:29
(epstopdf)                    size: 11071 bytes
(epstopdf)             Command: <repstopdf --outfile=./Images/2histcnnpar_c_2-e
ps-converted-to.pdf ./Images/2histcnnpar_c_2.eps>
(epstopdf)             \includegraphics on input line 511.
Package epstopdf Info: Output file is already uptodate.
<./Images/2histcnnpar_c_2-eps-converted-to.pdf, id=195, 36.135pt x 27.10126pt>
File: ./Images/2histcnnpar_c_2-eps-converted-to.pdf Graphic file (type pdf)
<use ./Images/2histcnnpar_c_2-eps-converted-to.pdf>
Package pdftex.def Info: ./Images/2histcnnpar_c_2-eps-converted-to.pdf  used on
 input line 511.
(pdftex.def)             Requested size: 99.36972pt x 74.53156pt.
Package epstopdf Info: Source file: <./Images/2histcnnpar_d_2.eps>
(epstopdf)                    date: 2019-07-16 14:54:28
(epstopdf)                    size: 7473170 bytes
(epstopdf)             Output file: <./Images/2histcnnpar_d_2-eps-converted-to.
pdf>
(epstopdf)                    date: 2019-07-16 15:05:30
(epstopdf)                    size: 10771 bytes
(epstopdf)             Command: <repstopdf --outfile=./Images/2histcnnpar_d_2-e
ps-converted-to.pdf ./Images/2histcnnpar_d_2.eps>
(epstopdf)             \includegraphics on input line 517.
Package epstopdf Info: Output file is already uptodate.
<./Images/2histcnnpar_d_2-eps-converted-to.pdf, id=196, 36.135pt x 27.10126pt>
File: ./Images/2histcnnpar_d_2-eps-converted-to.pdf Graphic file (type pdf)
<use ./Images/2histcnnpar_d_2-eps-converted-to.pdf>
Package pdftex.def Info: ./Images/2histcnnpar_d_2-eps-converted-to.pdf  used on
 input line 517.
(pdftex.def)             Requested size: 99.36972pt x 74.53156pt.


LaTeX Warning: No positions in optional float specifier.
               Default added (so using `tbp') on input line 526.

<./Images/appendix_cm1.png, id=205, 1180.41pt x 558.085pt>
File: ./Images/appendix_cm1.png Graphic file (type png)
<use ./Images/appendix_cm1.png>
Package pdftex.def Info: ./Images/appendix_cm1.png  used on input line 527.
(pdftex.def)             Requested size: 347.79785pt x 164.42928pt.

LaTeX Warning: No positions in optional float specifier.
               Default added (so using `tbp') on input line 532.

<./Images/appendix_cm2.png, id=206, 1180.41pt x 558.085pt>
File: ./Images/appendix_cm2.png Graphic file (type png)
<use ./Images/appendix_cm2.png>
Package pdftex.def Info: ./Images/appendix_cm2.png  used on input line 533.
(pdftex.def)             Requested size: 347.79785pt x 164.42928pt.

LaTeX Warning: No positions in optional float specifier.
               Default added (so using `tbp') on input line 538.

<./Images/appendix_cm3.png, id=207, 1180.41pt x 558.085pt>
File: ./Images/appendix_cm3.png Graphic file (type png)
<use ./Images/appendix_cm3.png>
Package pdftex.def Info: ./Images/appendix_cm3.png  used on input line 539.
(pdftex.def)             Requested size: 347.79785pt x 164.42928pt.
Package atveryend Info: Empty hook `BeforeClearDocument' on input line 545.
[7] [8 <./Images/1histcnn_a-eps-converted-to.pdf> <./Images/1histcnn_b-eps-conv
erted-to.pdf> <./Images/1histcnn_c-eps-converted-to.pdf> <./Images/1histcnn_d-e
ps-converted-to.pdf> <./Images/2histcnn_a_1-eps-converted-to.pdf> <./Images/2hi
stcnn_b_1-eps-converted-to.pdf> <./Images/2histcnn_c_1-eps-converted-to.pdf> <.
/Images/2histcnn_d_1-eps-converted-to.pdf> <./Images/2histcnn_a_2-eps-converted
-to.pdf> <./Images/2histcnn_b_2-eps-converted-to.pdf> <./Images/2histcnn_c_2-ep
s-converted-to.pdf> <./Images/2histcnn_d_2-eps-converted-to.pdf> <./Images/2his
tcnnpar_a_1-eps-converted-to.pdf> <./Images/2histcnnpar_b_1-eps-converted-to.pd
f> <./Images/2histcnnpar_c_1-eps-converted-to.pdf> <./Images/2histcnnpar_d_1-ep
s-converted-to.pdf> <./Images/2histcnnpar_a_2-eps-converted-to.pdf> <./Images/2
histcnnpar_b_2-eps-converted-to.pdf> <./Images/2histcnnpar_c_2-eps-converted-to
.pdf> <./Images/2histcnnpar_d_2-eps-converted-to.pdf>] [9 <./Images/appendix_cm
1.png> <./Images/appendix_cm2.png> <./Images/appendix_cm3.png>]
Package atveryend Info: Empty hook `AfterLastShipout' on input line 545.

(./egpaper_final.aux)
Package atveryend Info: Executing hook `AtVeryEndDocument' on input line 545.
Package atveryend Info: Empty hook `AtEndAfterFileList' on input line 545.
Package atveryend Info: Empty hook `AtVeryVeryEnd' on input line 545.
 ) 
Here is how much of TeX's memory you used:
 8673 strings out of 492616
 134112 string characters out of 6129482
 245542 words of memory out of 5000000
 12331 multiletter control sequences out of 15000+600000
 32054 words of font info for 81 fonts, out of 8000000 for 9000
 1141 hyphenation exceptions out of 8191
 42i,15n,45p,1403b,524s stack positions out of 5000i,500n,10000p,200000b,80000s
{/usr/local/texlive/2019/texmf-dist/fonts/enc/dvips/base/8r.enc}</usr/local/t
exlive/2019/texmf-dist/fonts/type1/public/amsfonts/cm/cmex10.pfb></usr/local/te
xlive/2019/texmf-dist/fonts/type1/public/amsfonts/cm/cmmi10.pfb></usr/local/tex
live/2019/texmf-dist/fonts/type1/public/amsfonts/cm/cmmi7.pfb></usr/local/texli
ve/2019/texmf-dist/fonts/type1/public/amsfonts/cm/cmr10.pfb></usr/local/texlive
/2019/texmf-dist/fonts/type1/public/amsfonts/cm/cmr7.pfb></usr/local/texlive/20
19/texmf-dist/fonts/type1/public/amsfonts/cm/cmsy10.pfb></usr/local/texlive/201
9/texmf-dist/fonts/type1/public/amsfonts/cm/cmsy7.pfb></usr/local/texlive/2019/
texmf-dist/fonts/type1/urw/courier/ucrr8a.pfb></usr/local/texlive/2019/texmf-di
st/fonts/type1/urw/times/utmb8a.pfb></usr/local/texlive/2019/texmf-dist/fonts/t
ype1/urw/times/utmr8a.pfb></usr/local/texlive/2019/texmf-dist/fonts/type1/urw/t
imes/utmri8a.pfb>
Output written on egpaper_final.pdf (9 pages, 7796767 bytes).
PDF statistics:
 341 PDF objects out of 1000 (max. 8388607)
 239 compressed objects within 3 object streams
 63 named destinations out of 1000 (max. 500000)
 171 words of extra memory for PDF output out of 10000 (max. 10000000)

